<?xml version="1.0" encoding="UTF-8"?>
<testsuite name="com.levenshtein.helper.LevenshteinDistanceWithDynamicProgrammingTest" time="0.075" tests="9" errors="0" skipped="1" failures="0">
  <properties>
[...]
</properties>
  <testcase name="testingEmptyStrings" classname="com.levenshtein.helper.LevenshteinDistanceWithDynamicProgrammingTest" time="0"/>
  <testcase name="testingAccent" classname="com.levenshtein.helper.LevenshteinDistanceWithDynamicProgrammingTest" time="0.013"/>
  <testcase name="testingEmptyAndNullStrings" classname="com.levenshtein.helper.LevenshteinDistanceWithDynamicProgrammingTest" time="0"/>
  <testcase name="testingSpaces" classname="com.levenshtein.helper.LevenshteinDistanceWithDynamicProgrammingTest" time="0.001"/>
  <testcase name="testingCaseSensitive" classname="com.levenshtein.helper.LevenshteinDistanceWithDynamicProgrammingTest" time="0.002"/>
  <testcase name="testingLargeWords" classname="com.levenshtein.helper.LevenshteinDistanceWithDynamicProgrammingTest" time="0.057"/>
  <testcase name="testingWithSuccess" classname="com.levenshtein.helper.LevenshteinDistanceWithDynamicProgrammingTest" time="0.002"/>
  <testcase name="loadTest" classname="com.levenshtein.helper.LevenshteinDistanceWithDynamicProgrammingTest" time="0">
    <skipped/>
  </testcase>
  <testcase name="testingNullStrings" classname="com.levenshtein.helper.LevenshteinDistanceWithDynamicProgrammingTest" time="0"/>
</testsuite>